# JRE version: OpenJDK Runtime Environment Microsoft-10800295 (17.0.14+7) (build 17.0.14+7-LTS)
# Java VM: OpenJDK 64-Bit Server VM Microsoft-10800295 (17.0.14+7-LTS, mixed mode, sharing, tiered, compressed oops, compressed class ptrs, g1 gc, windows-amd64)
GC Precious Log:
 CPUs: 4 total, 4 available
 Memory: 3908M
 Large Page Support: Disabled
 NUMA Support: Disabled
 Compressed Oops: Enabled (32-bit)
 Heap Region Size: 1M
 Heap Min Capacity: 8M
 Heap Initial Capacity: 8M
 Heap Max Capacity: 978M
 Pre-touch: Disabled
 Parallel Workers: 4
 Concurrent Workers: 1
 Concurrent Refinement Workers: 4
 Periodic GC: Disabled
Heap:
 garbage-first heap   total 183296K, used 90204K [0x00000000c2e00000, 0x0000000100000000)
  region size 1024K, 13 young (13312K), 5 survivors (5120K)
 Metaspace       used 11340K, committed 11520K, reserved 1114112K
  class space    used 1120K, committed 1216K, reserved 1048576K
GC Heap History (20 events):
Event: 13.236 GC heap before
{Heap before GC invocations=36 (full 0):
 garbage-first heap   total 50176K, used 47386K [0x00000000c2e00000, 0x0000000100000000)
  region size 1024K, 8 young (8192K), 1 survivors (1024K)
 Metaspace       used 7919K, committed 8064K, reserved 1114112K
  class space    used 862K, committed 960K, reserved 1048576K
}
Event: 13.240 GC heap after
{Heap after GC invocations=37 (full 0):
 garbage-first heap   total 50176K, used 25840K [0x00000000c2e00000, 0x0000000100000000)
  region size 1024K, 1 young (1024K), 1 survivors (1024K)
 Metaspace       used 7919K, committed 8064K, reserved 1114112K
  class space    used 862K, committed 960K, reserved 1048576K
}
Event: 13.248 GC heap before
{Heap before GC invocations=37 (full 0):
 garbage-first heap   total 50176K, used 26864K [0x00000000c2e00000, 0x0000000100000000)
  region size 1024K, 2 young (2048K), 1 survivors (1024K)
 Metaspace       used 7919K, committed 8064K, reserved 1114112K
  class space    used 862K, committed 960K, reserved 1048576K
}
Event: 13.253 GC heap after
{Heap after GC invocations=38 (full 0):
 garbage-first heap   total 50176K, used 25895K [0x00000000c2e00000, 0x0000000100000000)
  region size 1024K, 1 young (1024K), 1 survivors (1024K)
 Metaspace       used 7919K, committed 8064K, reserved 1114112K
  class space    used 862K, committed 960K, reserved 1048576K
}
Event: 13.285 GC heap before
{Heap before GC invocations=38 (full 0):
 garbage-first heap   total 50176K, used 26919K [0x00000000c2e00000, 0x0000000100000000)
  region size 1024K, 3 young (3072K), 1 survivors (1024K)
 Metaspace       used 7919K, committed 8064K, reserved 1114112K
  class space    used 862K, committed 960K, reserved 1048576K
}
Event: 13.288 GC heap after
{Heap after GC invocations=39 (full 0):
 garbage-first heap   total 104448K, used 26116K [0x00000000c2e00000, 0x0000000100000000)
  region size 1024K, 1 young (1024K), 1 survivors (1024K)
 Metaspace       used 7919K, committed 8064K, reserved 1114112K
  class space    used 862K, committed 960K, reserved 1048576K
}
Event: 18.831 GC heap before
{Heap before GC invocations=39 (full 0):
 garbage-first heap   total 104448K, used 82436K [0x00000000c2e00000, 0x0000000100000000)
  region size 1024K, 46 young (47104K), 1 survivors (1024K)
 Metaspace       used 9171K, committed 9344K, reserved 1114112K
  class space    used 987K, committed 1088K, reserved 1048576K
}
Event: 18.864 GC heap after
{Heap after GC invocations=40 (full 0):
 garbage-first heap   total 104448K, used 41393K [0x00000000c2e00000, 0x0000000100000000)
  region size 1024K, 6 young (6144K), 6 survivors (6144K)
 Metaspace       used 9171K, committed 9344K, reserved 1114112K
  class space    used 987K, committed 1088K, reserved 1048576K
}
Event: 20.203 GC heap before
{Heap before GC invocations=40 (full 0):
 garbage-first heap   total 104448K, used 71089K [0x00000000c2e00000, 0x0000000100000000)
  region size 1024K, 33 young (33792K), 6 survivors (6144K)
 Metaspace       used 9474K, committed 9664K, reserved 1114112K
  class space    used 991K, committed 1088K, reserved 1048576K
}
Event: 20.240 GC heap after
{Heap after GC invocations=41 (full 0):
 garbage-first heap   total 104448K, used 48496K [0x00000000c2e00000, 0x0000000100000000)
  region size 1024K, 5 young (5120K), 5 survivors (5120K)
 Metaspace       used 9474K, committed 9664K, reserved 1114112K
  class space    used 991K, committed 1088K, reserved 1048576K
}
Event: 21.053 GC heap before
{Heap before GC invocations=41 (full 0):
 garbage-first heap   total 104448K, used 74096K [0x00000000c2e00000, 0x0000000100000000)
  region size 1024K, 30 young (30720K), 5 survivors (5120K)
 Metaspace       used 9594K, committed 9792K, reserved 1114112K
  class space    used 996K, committed 1088K, reserved 1048576K
}
Event: 21.108 GC heap after
{Heap after GC invocations=42 (full 0):
 garbage-first heap   total 104448K, used 60928K [0x00000000c2e00000, 0x0000000100000000)
  region size 1024K, 4 young (4096K), 4 survivors (4096K)
 Metaspace       used 9594K, committed 9792K, reserved 1114112K
  class space    used 996K, committed 1088K, reserved 1048576K
}
Event: 21.322 GC heap before
{Heap before GC invocations=42 (full 0):
 garbage-first heap   total 104448K, used 75264K [0x00000000c2e00000, 0x0000000100000000)
  region size 1024K, 18 young (18432K), 4 survivors (4096K)
 Metaspace       used 9609K, committed 9792K, reserved 1114112K
  class space    used 996K, committed 1088K, reserved 1048576K
}
Event: 21.376 GC heap after
{Heap after GC invocations=43 (full 0):
 garbage-first heap   total 104448K, used 72192K [0x00000000c2e00000, 0x0000000100000000)
  region size 1024K, 3 young (3072K), 3 survivors (3072K)
 Metaspace       used 9609K, committed 9792K, reserved 1114112K
  class space    used 996K, committed 1088K, reserved 1048576K
}
Event: 22.416 GC heap before
{Heap before GC invocations=44 (full 0):
 garbage-first heap   total 128000K, used 79360K [0x00000000c2e00000, 0x0000000100000000)
  region size 1024K, 10 young (10240K), 3 survivors (3072K)
 Metaspace       used 9622K, committed 9792K, reserved 1114112K
  class space    used 996K, committed 1088K, reserved 1048576K
}
Event: 22.434 GC heap after
{Heap after GC invocations=45 (full 0):
 garbage-first heap   total 128000K, used 76800K [0x00000000c2e00000, 0x0000000100000000)
  region size 1024K, 2 young (2048K), 2 survivors (2048K)
 Metaspace       used 9622K, committed 9792K, reserved 1114112K
  class space    used 996K, committed 1088K, reserved 1048576K
}
Event: 22.619 GC heap before
{Heap before GC invocations=45 (full 0):
 garbage-first heap   total 128000K, used 77824K [0x00000000c2e00000, 0x0000000100000000)
  region size 1024K, 4 young (4096K), 2 survivors (2048K)
 Metaspace       used 9622K, committed 9792K, reserved 1114112K
  class space    used 996K, committed 1088K, reserved 1048576K
}
Event: 22.628 GC heap after
{Heap after GC invocations=46 (full 0):
 garbage-first heap   total 183296K, used 78142K [0x00000000c2e00000, 0x0000000100000000)
  region size 1024K, 1 young (1024K), 1 survivors (1024K)
 Metaspace       used 9622K, committed 9792K, reserved 1114112K
  class space    used 996K, committed 1088K, reserved 1048576K
}
Event: 28.016 GC heap before
{Heap before GC invocations=46 (full 0):
 garbage-first heap   total 183296K, used 118078K [0x00000000c2e00000, 0x0000000100000000)
  region size 1024K, 37 young (37888K), 1 survivors (1024K)
 Metaspace       used 11201K, committed 11392K, reserved 1114112K
  class space    used 1119K, committed 1216K, reserved 1048576K
}
Event: 28.029 GC heap after
{Heap after GC invocations=47 (full 0):
 garbage-first heap   total 183296K, used 83036K [0x00000000c2e00000, 0x0000000100000000)
  region size 1024K, 5 young (5120K), 5 survivors (5120K)
 Metaspace       used 11201K, committed 11392K, reserved 1114112K
  class space    used 1119K, committed 1216K, reserved 1048576K
}

