# JRE version: OpenJDK Runtime Environment Microsoft-10800295 (17.0.14+7) (build 17.0.14+7-LTS)
# Java VM: OpenJDK 64-Bit Server VM Microsoft-10800295 (17.0.14+7-LTS, mixed mode, sharing, tiered, compressed oops, compressed class ptrs, g1 gc, windows-amd64)
GC Precious Log:
 CPUs: 4 total, 4 available
 Memory: 3908M
 Large Page Support: Disabled
 NUMA Support: Disabled
 Compressed Oops: Enabled (32-bit)
 Heap Region Size: 1M
 Heap Min Capacity: 8M
 Heap Initial Capacity: 62M
 Heap Max Capacity: 1G
 Pre-touch: Disabled
 Parallel Workers: 4
 Concurrent Workers: 1
 Concurrent Refinement Workers: 4
 Periodic GC: Disabled
Heap:
 garbage-first heap   total 186368K, used 110413K [0x00000000c0000000, 0x0000000100000000)
  region size 1024K, 2 young (2048K), 2 survivors (2048K)
 Metaspace       used 7414K, committed 7680K, reserved 1114112K
  class space    used 824K, committed 960K, reserved 1048576K
GC Heap History (20 events):
Event: 10.056 GC heap after
{Heap after GC invocations=16 (full 0):
 garbage-first heap   total 101376K, used 57331K [0x00000000c0000000, 0x0000000100000000)
  region size 1024K, 2 young (2048K), 2 survivors (2048K)
 Metaspace       used 6584K, committed 6784K, reserved 1114112K
  class space    used 749K, committed 832K, reserved 1048576K
}
Event: 11.123 GC heap before
{Heap before GC invocations=16 (full 0):
 garbage-first heap   total 101376K, used 77811K [0x00000000c0000000, 0x0000000100000000)
  region size 1024K, 22 young (22528K), 2 survivors (2048K)
 Metaspace       used 7152K, committed 7360K, reserved 1114112K
  class space    used 801K, committed 896K, reserved 1048576K
}
Event: 11.156 GC heap after
{Heap after GC invocations=17 (full 0):
 garbage-first heap   total 101376K, used 63750K [0x00000000c0000000, 0x0000000100000000)
  region size 1024K, 3 young (3072K), 3 survivors (3072K)
 Metaspace       used 7152K, committed 7360K, reserved 1114112K
  class space    used 801K, committed 896K, reserved 1048576K
}
Event: 11.565 GC heap before
{Heap before GC invocations=18 (full 0):
 garbage-first heap   total 114688K, used 77062K [0x00000000c0000000, 0x0000000100000000)
  region size 1024K, 17 young (17408K), 3 survivors (3072K)
 Metaspace       used 7155K, committed 7360K, reserved 1114112K
  class space    used 801K, committed 896K, reserved 1048576K
}
Event: 11.602 GC heap after
{Heap after GC invocations=19 (full 0):
 garbage-first heap   total 114688K, used 68026K [0x00000000c0000000, 0x0000000100000000)
  region size 1024K, 3 young (3072K), 3 survivors (3072K)
 Metaspace       used 7155K, committed 7360K, reserved 1114112K
  class space    used 801K, committed 896K, reserved 1048576K
}
Event: 11.640 GC heap before
{Heap before GC invocations=19 (full 0):
 garbage-first heap   total 114688K, used 70074K [0x00000000c0000000, 0x0000000100000000)
  region size 1024K, 5 young (5120K), 3 survivors (3072K)
 Metaspace       used 7157K, committed 7360K, reserved 1114112K
  class space    used 801K, committed 896K, reserved 1048576K
}
Event: 11.656 GC heap after
{Heap after GC invocations=20 (full 0):
 garbage-first heap   total 156672K, used 68252K [0x00000000c0000000, 0x0000000100000000)
  region size 1024K, 1 young (1024K), 1 survivors (1024K)
 Metaspace       used 7157K, committed 7360K, reserved 1114112K
  class space    used 801K, committed 896K, reserved 1048576K
}
Event: 13.562 GC heap before
{Heap before GC invocations=20 (full 0):
 garbage-first heap   total 156672K, used 110236K [0x00000000c0000000, 0x0000000100000000)
  region size 1024K, 43 young (44032K), 1 survivors (1024K)
 Metaspace       used 7396K, committed 7680K, reserved 1114112K
  class space    used 826K, committed 960K, reserved 1048576K
}
Event: 13.593 GC heap after
{Heap after GC invocations=21 (full 0):
 garbage-first heap   total 156672K, used 77824K [0x00000000c0000000, 0x0000000100000000)
  region size 1024K, 6 young (6144K), 6 survivors (6144K)
 Metaspace       used 7396K, committed 7680K, reserved 1114112K
  class space    used 826K, committed 960K, reserved 1048576K
}
Event: 14.143 GC heap before
{Heap before GC invocations=21 (full 0):
 garbage-first heap   total 156672K, used 111616K [0x00000000c0000000, 0x0000000100000000)
  region size 1024K, 39 young (39936K), 6 survivors (6144K)
 Metaspace       used 7404K, committed 7680K, reserved 1114112K
  class space    used 826K, committed 960K, reserved 1048576K
}
Event: 14.181 GC heap after
{Heap after GC invocations=22 (full 0):
 garbage-first heap   total 156672K, used 85249K [0x00000000c0000000, 0x0000000100000000)
  region size 1024K, 5 young (5120K), 5 survivors (5120K)
 Metaspace       used 7404K, committed 7680K, reserved 1114112K
  class space    used 826K, committed 960K, reserved 1048576K
}
Event: 14.752 GC heap before
{Heap before GC invocations=23 (full 0):
 garbage-first heap   total 156672K, used 116993K [0x00000000c0000000, 0x0000000100000000)
  region size 1024K, 36 young (36864K), 5 survivors (5120K)
 Metaspace       used 7415K, committed 7680K, reserved 1114112K
  class space    used 825K, committed 960K, reserved 1048576K
}
Event: 14.792 GC heap after
{Heap after GC invocations=24 (full 0):
 garbage-first heap   total 156672K, used 93184K [0x00000000c0000000, 0x0000000100000000)
  region size 1024K, 5 young (5120K), 5 survivors (5120K)
 Metaspace       used 7415K, committed 7680K, reserved 1114112K
  class space    used 825K, committed 960K, reserved 1048576K
}
Event: 14.822 GC heap before
{Heap before GC invocations=24 (full 0):
 garbage-first heap   total 156672K, used 95232K [0x00000000c0000000, 0x0000000100000000)
  region size 1024K, 7 young (7168K), 5 survivors (5120K)
 Metaspace       used 7415K, committed 7680K, reserved 1114112K
  class space    used 825K, committed 960K, reserved 1048576K
}
Event: 14.843 GC heap after
{Heap after GC invocations=25 (full 0):
 garbage-first heap   total 156672K, used 94189K [0x00000000c0000000, 0x0000000100000000)
  region size 1024K, 1 young (1024K), 1 survivors (1024K)
 Metaspace       used 7415K, committed 7680K, reserved 1114112K
  class space    used 825K, committed 960K, reserved 1048576K
}
Event: 15.359 GC heap before
{Heap before GC invocations=25 (full 0):
 garbage-first heap   total 156672K, used 121837K [0x00000000c0000000, 0x0000000100000000)
  region size 1024K, 28 young (28672K), 1 survivors (1024K)
 Metaspace       used 7417K, committed 7680K, reserved 1114112K
  class space    used 825K, committed 960K, reserved 1048576K
}
Event: 15.386 GC heap after
{Heap after GC invocations=26 (full 0):
 garbage-first heap   total 156672K, used 100352K [0x00000000c0000000, 0x0000000100000000)
  region size 1024K, 4 young (4096K), 4 survivors (4096K)
 Metaspace       used 7417K, committed 7680K, reserved 1114112K
  class space    used 825K, committed 960K, reserved 1048576K
}
Event: 15.922 GC heap before
{Heap before GC invocations=27 (full 0):
 garbage-first heap   total 186368K, used 128000K [0x00000000c0000000, 0x0000000100000000)
  region size 1024K, 28 young (28672K), 4 survivors (4096K)
 Metaspace       used 7414K, committed 7680K, reserved 1114112K
  class space    used 824K, committed 960K, reserved 1048576K
}
Event: 15.954 GC heap after
{Heap after GC invocations=28 (full 0):
 garbage-first heap   total 186368K, used 109738K [0x00000000c0000000, 0x0000000100000000)
  region size 1024K, 4 young (4096K), 4 survivors (4096K)
 Metaspace       used 7414K, committed 7680K, reserved 1114112K
  class space    used 824K, committed 960K, reserved 1048576K
}
Event: 16.034 GC heap before
{Heap before GC invocations=28 (full 0):
 garbage-first heap   total 186368K, used 114858K [0x00000000c0000000, 0x0000000100000000)
  region size 1024K, 9 young (9216K), 4 survivors (4096K)
 Metaspace       used 7414K, committed 7680K, reserved 1114112K
  class space    used 824K, committed 960K, reserved 1048576K
}

