# JRE version: OpenJDK Runtime Environment Microsoft-10800295 (17.0.14+7) (build 17.0.14+7-LTS)
# Java VM: OpenJDK 64-Bit Server VM Microsoft-10800295 (17.0.14+7-LTS, mixed mode, sharing, tiered, compressed oops, compressed class ptrs, g1 gc, windows-amd64)
GC Precious Log:
 CPUs: 4 total, 4 available
 Memory: 3908M
 Large Page Support: Disabled
 NUMA Support: Disabled
 Compressed Oops: Enabled (32-bit)
 Heap Region Size: 1M
 Heap Min Capacity: 8M
 Heap Initial Capacity: 62M
 Heap Max Capacity: 978M
 Pre-touch: Disabled
 Parallel Workers: 4
 Concurrent Workers: 1
 Concurrent Refinement Workers: 4
 Periodic GC: Disabled
Heap:
 garbage-first heap   total 239616K, used 104900K [0x00000000c2e00000, 0x0000000100000000)
  region size 1024K, 32 young (32768K), 10 survivors (10240K)
 Metaspace       used 8086K, committed 8256K, reserved 1114112K
  class space    used 762K, committed 832K, reserved 1048576K
GC Heap History (20 events):
Event: 2.406 GC heap before
{Heap before GC invocations=3 (full 0):
 garbage-first heap   total 63488K, used 39662K [0x00000000c2e00000, 0x0000000100000000)
  region size 1024K, 12 young (12288K), 2 survivors (2048K)
 Metaspace       used 1591K, committed 1792K, reserved 1114112K
  class space    used 143K, committed 256K, reserved 1048576K
}
Event: 2.426 GC heap after
{Heap after GC invocations=4 (full 0):
 garbage-first heap   total 63488K, used 35840K [0x00000000c2e00000, 0x0000000100000000)
  region size 1024K, 2 young (2048K), 2 survivors (2048K)
 Metaspace       used 1591K, committed 1792K, reserved 1114112K
  class space    used 143K, committed 256K, reserved 1048576K
}
Event: 3.416 GC heap before
{Heap before GC invocations=4 (full 0):
 garbage-first heap   total 63488K, used 40960K [0x00000000c2e00000, 0x0000000100000000)
  region size 1024K, 9 young (9216K), 2 survivors (2048K)
 Metaspace       used 3238K, committed 3392K, reserved 1114112K
  class space    used 319K, committed 384K, reserved 1048576K
}
Event: 3.432 GC heap after
{Heap after GC invocations=5 (full 0):
 garbage-first heap   total 106496K, used 40448K [0x00000000c2e00000, 0x0000000100000000)
  region size 1024K, 2 young (2048K), 2 survivors (2048K)
 Metaspace       used 3238K, committed 3392K, reserved 1114112K
  class space    used 319K, committed 384K, reserved 1048576K
}
Event: 3.647 GC heap before
{Heap before GC invocations=5 (full 0):
 garbage-first heap   total 106496K, used 69120K [0x00000000c2e00000, 0x0000000100000000)
  region size 1024K, 24 young (24576K), 2 survivors (2048K)
 Metaspace       used 3252K, committed 3392K, reserved 1114112K
  class space    used 321K, committed 384K, reserved 1048576K
}
Event: 3.670 GC heap after
{Heap after GC invocations=6 (full 0):
 garbage-first heap   total 106496K, used 53179K [0x00000000c2e00000, 0x0000000100000000)
  region size 1024K, 3 young (3072K), 3 survivors (3072K)
 Metaspace       used 3252K, committed 3392K, reserved 1114112K
  class space    used 321K, committed 384K, reserved 1048576K
}
Event: 3.687 GC heap before
{Heap before GC invocations=6 (full 0):
 garbage-first heap   total 106496K, used 53179K [0x00000000c2e00000, 0x0000000100000000)
  region size 1024K, 4 young (4096K), 3 survivors (3072K)
 Metaspace       used 3252K, committed 3392K, reserved 1114112K
  class space    used 321K, committed 384K, reserved 1048576K
}
Event: 3.692 GC heap after
{Heap after GC invocations=7 (full 0):
 garbage-first heap   total 106496K, used 55058K [0x00000000c2e00000, 0x0000000100000000)
  region size 1024K, 2 young (2048K), 2 survivors (2048K)
 Metaspace       used 3252K, committed 3392K, reserved 1114112K
  class space    used 321K, committed 384K, reserved 1048576K
}
Event: 3.871 GC heap before
{Heap before GC invocations=8 (full 0):
 garbage-first heap   total 106496K, used 62226K [0x00000000c2e00000, 0x0000000100000000)
  region size 1024K, 15 young (15360K), 2 survivors (2048K)
 Metaspace       used 3294K, committed 3456K, reserved 1114112K
  class space    used 326K, committed 448K, reserved 1048576K
}
Event: 3.886 GC heap after
{Heap after GC invocations=9 (full 0):
 garbage-first heap   total 106496K, used 53248K [0x00000000c2e00000, 0x0000000100000000)
  region size 1024K, 2 young (2048K), 2 survivors (2048K)
 Metaspace       used 3294K, committed 3456K, reserved 1114112K
  class space    used 326K, committed 448K, reserved 1048576K
}
Event: 3.912 GC heap before
{Heap before GC invocations=9 (full 0):
 garbage-first heap   total 106496K, used 56320K [0x00000000c2e00000, 0x0000000100000000)
  region size 1024K, 5 young (5120K), 2 survivors (2048K)
 Metaspace       used 3294K, committed 3456K, reserved 1114112K
  class space    used 326K, committed 448K, reserved 1048576K
}
Event: 3.924 GC heap after
{Heap after GC invocations=10 (full 0):
 garbage-first heap   total 106496K, used 52224K [0x00000000c2e00000, 0x0000000100000000)
  region size 1024K, 1 young (1024K), 1 survivors (1024K)
 Metaspace       used 3294K, committed 3456K, reserved 1114112K
  class space    used 326K, committed 448K, reserved 1048576K
}
Event: 4.220 GC heap before
{Heap before GC invocations=10 (full 0):
 garbage-first heap   total 106496K, used 61440K [0x00000000c2e00000, 0x0000000100000000)
  region size 1024K, 12 young (12288K), 1 survivors (1024K)
 Metaspace       used 3332K, committed 3520K, reserved 1114112K
  class space    used 331K, committed 448K, reserved 1048576K
}
Event: 4.238 GC heap after
{Heap after GC invocations=11 (full 0):
 garbage-first heap   total 106496K, used 60416K [0x00000000c2e00000, 0x0000000100000000)
  region size 1024K, 2 young (2048K), 2 survivors (2048K)
 Metaspace       used 3332K, committed 3520K, reserved 1114112K
  class space    used 331K, committed 448K, reserved 1048576K
}
Event: 4.506 GC heap before
{Heap before GC invocations=12 (full 0):
 garbage-first heap   total 106496K, used 55296K [0x00000000c2e00000, 0x0000000100000000)
  region size 1024K, 14 young (14336K), 2 survivors (2048K)
 Metaspace       used 3332K, committed 3520K, reserved 1114112K
  class space    used 331K, committed 448K, reserved 1048576K
}
Event: 4.522 GC heap after
{Heap after GC invocations=13 (full 0):
 garbage-first heap   total 106496K, used 47104K [0x00000000c2e00000, 0x0000000100000000)
  region size 1024K, 2 young (2048K), 2 survivors (2048K)
 Metaspace       used 3332K, committed 3520K, reserved 1114112K
  class space    used 331K, committed 448K, reserved 1048576K
}
Event: 4.530 GC heap before
{Heap before GC invocations=13 (full 0):
 garbage-first heap   total 106496K, used 50176K [0x00000000c2e00000, 0x0000000100000000)
  region size 1024K, 5 young (5120K), 2 survivors (2048K)
 Metaspace       used 3332K, committed 3520K, reserved 1114112K
  class space    used 331K, committed 448K, reserved 1048576K
}
Event: 4.543 GC heap after
{Heap after GC invocations=14 (full 0):
 garbage-first heap   total 239616K, used 44544K [0x00000000c2e00000, 0x0000000100000000)
  region size 1024K, 1 young (1024K), 1 survivors (1024K)
 Metaspace       used 3332K, committed 3520K, reserved 1114112K
  class space    used 331K, committed 448K, reserved 1048576K
}
Event: 6.203 GC heap before
{Heap before GC invocations=14 (full 0):
 garbage-first heap   total 239616K, used 148992K [0x00000000c2e00000, 0x0000000100000000)
  region size 1024K, 79 young (80896K), 1 survivors (1024K)
 Metaspace       used 4308K, committed 4416K, reserved 1114112K
  class space    used 439K, committed 512K, reserved 1048576K
}
Event: 6.255 GC heap after
{Heap after GC invocations=15 (full 0):
 garbage-first heap   total 239616K, used 83396K [0x00000000c2e00000, 0x0000000100000000)
  region size 1024K, 10 young (10240K), 10 survivors (10240K)
 Metaspace       used 4308K, committed 4416K, reserved 1114112K
  class space    used 439K, committed 512K, reserved 1048576K
}

