# JRE version: OpenJDK Runtime Environment Microsoft-10800295 (17.0.14+7) (build 17.0.14+7-LTS)
# Java VM: OpenJDK 64-Bit Server VM Microsoft-10800295 (17.0.14+7-LTS, mixed mode, sharing, tiered, compressed oops, compressed class ptrs, g1 gc, windows-amd64)
GC Precious Log:
 CPUs: 4 total, 4 available
 Memory: 3908M
 Large Page Support: Disabled
 NUMA Support: Disabled
 Compressed Oops: Enabled (32-bit)
 Heap Region Size: 1M
 Heap Min Capacity: 8M
 Heap Initial Capacity: 62M
 Heap Max Capacity: 1G
 Pre-touch: Disabled
 Parallel Workers: 4
 Concurrent Workers: 1
 Concurrent Refinement Workers: 4
 Periodic GC: Disabled
Heap:
 garbage-first heap   total 273408K, used 138716K [0x00000000c0000000, 0x0000000100000000)
  region size 1024K, 10 young (10240K), 10 survivors (10240K)
 Metaspace       used 9627K, committed 9856K, reserved 1114112K
  class space    used 1180K, committed 1280K, reserved 1048576K
GC Heap History (20 events):
Event: 8.638 GC heap after
{Heap after GC invocations=13 (full 0):
 garbage-first heap   total 98304K, used 54867K [0x00000000c0000000, 0x0000000100000000)
  region size 1024K, 3 young (3072K), 3 survivors (3072K)
 Metaspace       used 5875K, committed 6080K, reserved 1114112K
  class space    used 652K, committed 768K, reserved 1048576K
}
Event: 9.972 GC heap before
{Heap before GC invocations=14 (full 0):
 garbage-first heap   total 98304K, used 74323K [0x00000000c0000000, 0x0000000100000000)
  region size 1024K, 22 young (22528K), 3 survivors (3072K)
 Metaspace       used 7150K, committed 7360K, reserved 1114112K
  class space    used 800K, committed 896K, reserved 1048576K
}
Event: 9.996 GC heap after
{Heap after GC invocations=15 (full 0):
 garbage-first heap   total 98304K, used 60302K [0x00000000c0000000, 0x0000000100000000)
  region size 1024K, 3 young (3072K), 3 survivors (3072K)
 Metaspace       used 7150K, committed 7360K, reserved 1114112K
  class space    used 800K, committed 896K, reserved 1048576K
}
Event: 10.010 GC heap before
{Heap before GC invocations=15 (full 0):
 garbage-first heap   total 98304K, used 61326K [0x00000000c0000000, 0x0000000100000000)
  region size 1024K, 4 young (4096K), 3 survivors (3072K)
 Metaspace       used 7150K, committed 7360K, reserved 1114112K
  class space    used 800K, committed 896K, reserved 1048576K
}
Event: 10.024 GC heap after
{Heap after GC invocations=16 (full 0):
 garbage-first heap   total 98304K, used 60868K [0x00000000c0000000, 0x0000000100000000)
  region size 1024K, 1 young (1024K), 1 survivors (1024K)
 Metaspace       used 7150K, committed 7360K, reserved 1114112K
  class space    used 800K, committed 896K, reserved 1048576K
}
Event: 10.201 GC heap before
{Heap before GC invocations=16 (full 0):
 garbage-first heap   total 98304K, used 75204K [0x00000000c0000000, 0x0000000100000000)
  region size 1024K, 16 young (16384K), 1 survivors (1024K)
 Metaspace       used 7162K, committed 7360K, reserved 1114112K
  class space    used 800K, committed 896K, reserved 1048576K
}
Event: 10.225 GC heap after
{Heap after GC invocations=17 (full 0):
 garbage-first heap   total 98304K, used 65912K [0x00000000c0000000, 0x0000000100000000)
  region size 1024K, 2 young (2048K), 2 survivors (2048K)
 Metaspace       used 7162K, committed 7360K, reserved 1114112K
  class space    used 800K, committed 896K, reserved 1048576K
}
Event: 11.507 GC heap before
{Heap before GC invocations=18 (full 0):
 garbage-first heap   total 121856K, used 76152K [0x00000000c0000000, 0x0000000100000000)
  region size 1024K, 12 young (12288K), 2 survivors (2048K)
 Metaspace       used 7281K, committed 7424K, reserved 1114112K
  class space    used 820K, committed 896K, reserved 1048576K
}
Event: 11.533 GC heap after
{Heap after GC invocations=19 (full 0):
 garbage-first heap   total 121856K, used 68949K [0x00000000c0000000, 0x0000000100000000)
  region size 1024K, 2 young (2048K), 2 survivors (2048K)
 Metaspace       used 7281K, committed 7424K, reserved 1114112K
  class space    used 820K, committed 896K, reserved 1048576K
}
Event: 11.693 GC heap before
{Heap before GC invocations=19 (full 0):
 garbage-first heap   total 121856K, used 72021K [0x00000000c0000000, 0x0000000100000000)
  region size 1024K, 5 young (5120K), 2 survivors (2048K)
 Metaspace       used 7353K, committed 7488K, reserved 1114112K
  class space    used 824K, committed 896K, reserved 1048576K
}
Event: 11.711 GC heap after
{Heap after GC invocations=20 (full 0):
 garbage-first heap   total 273408K, used 69907K [0x00000000c0000000, 0x0000000100000000)
  region size 1024K, 1 young (1024K), 1 survivors (1024K)
 Metaspace       used 7353K, committed 7488K, reserved 1114112K
  class space    used 824K, committed 896K, reserved 1048576K
}
Event: 14.922 GC heap before
{Heap before GC invocations=20 (full 0):
 garbage-first heap   total 273408K, used 171283K [0x00000000c0000000, 0x0000000100000000)
  region size 1024K, 100 young (102400K), 1 survivors (1024K)
 Metaspace       used 7413K, committed 7552K, reserved 1114112K
  class space    used 825K, committed 896K, reserved 1048576K
}
Event: 15.005 GC heap after
{Heap after GC invocations=21 (full 0):
 garbage-first heap   total 273408K, used 92292K [0x00000000c0000000, 0x0000000100000000)
  region size 1024K, 13 young (13312K), 13 survivors (13312K)
 Metaspace       used 7413K, committed 7552K, reserved 1114112K
  class space    used 825K, committed 896K, reserved 1048576K
}
Event: 15.345 GC heap before
{Heap before GC invocations=21 (full 0):
 garbage-first heap   total 273408K, used 112772K [0x00000000c0000000, 0x0000000100000000)
  region size 1024K, 33 young (33792K), 13 survivors (13312K)
 Metaspace       used 7414K, committed 7552K, reserved 1114112K
  class space    used 825K, committed 896K, reserved 1048576K
}
Event: 15.388 GC heap after
{Heap after GC invocations=22 (full 0):
 garbage-first heap   total 273408K, used 98304K [0x00000000c0000000, 0x0000000100000000)
  region size 1024K, 5 young (5120K), 5 survivors (5120K)
 Metaspace       used 7414K, committed 7552K, reserved 1114112K
  class space    used 825K, committed 896K, reserved 1048576K
}
Event: 16.233 GC heap before
{Heap before GC invocations=22 (full 0):
 garbage-first heap   total 273408K, used 166912K [0x00000000c0000000, 0x0000000100000000)
  region size 1024K, 68 young (69632K), 5 survivors (5120K)
 Metaspace       used 7414K, committed 7552K, reserved 1114112K
  class space    used 825K, committed 896K, reserved 1048576K
}
Event: 16.297 GC heap after
{Heap after GC invocations=23 (full 0):
 garbage-first heap   total 273408K, used 117248K [0x00000000c0000000, 0x0000000100000000)
  region size 1024K, 9 young (9216K), 9 survivors (9216K)
 Metaspace       used 7414K, committed 7552K, reserved 1114112K
  class space    used 825K, committed 896K, reserved 1048576K
}
Event: 16.613 GC heap before
{Heap before GC invocations=23 (full 0):
 garbage-first heap   total 273408K, used 136704K [0x00000000c0000000, 0x0000000100000000)
  region size 1024K, 28 young (28672K), 9 survivors (9216K)
 Metaspace       used 7414K, committed 7616K, reserved 1114112K
  class space    used 825K, committed 896K, reserved 1048576K
}
Event: 16.662 GC heap after
{Heap after GC invocations=24 (full 0):
 garbage-first heap   total 273408K, used 122875K [0x00000000c0000000, 0x0000000100000000)
  region size 1024K, 4 young (4096K), 4 survivors (4096K)
 Metaspace       used 7414K, committed 7616K, reserved 1114112K
  class space    used 825K, committed 896K, reserved 1048576K
}
Event: 19.313 GC heap before
{Heap before GC invocations=24 (full 0):
 garbage-first heap   total 273408K, used 197627K [0x00000000c0000000, 0x0000000100000000)
  region size 1024K, 78 young (79872K), 4 survivors (4096K)
 Metaspace       used 9627K, committed 9856K, reserved 1114112K
  class space    used 1180K, committed 1280K, reserved 1048576K
}

