# JRE version: OpenJDK Runtime Environment Microsoft-10800295 (17.0.14+7) (build 17.0.14+7-LTS)
# Java VM: OpenJDK 64-Bit Server VM Microsoft-10800295 (17.0.14+7-LTS, mixed mode, sharing, tiered, compressed oops, compressed class ptrs, g1 gc, windows-amd64)
GC Precious Log:
 CPUs: 4 total, 4 available
 Memory: 3908M
 Large Page Support: Disabled
 NUMA Support: Disabled
 Compressed Oops: Enabled (32-bit)
 Heap Region Size: 1M
 Heap Min Capacity: 8M
 Heap Initial Capacity: 8M
 Heap Max Capacity: 978M
 Pre-touch: Disabled
 Parallel Workers: 4
 Concurrent Workers: 1
 Concurrent Refinement Workers: 4
 Periodic GC: Disabled
Heap:
 garbage-first heap   total 117760K, used 77824K [0x00000000c2e00000, 0x0000000100000000)
  region size 1024K, 2 young (2048K), 2 survivors (2048K)
 Metaspace       used 9627K, committed 9792K, reserved 1114112K
  class space    used 996K, committed 1088K, reserved 1048576K
GC Heap History (20 events):
Event: 15.055 GC heap after
{Heap after GC invocations=39 (full 0):
 garbage-first heap   total 40960K, used 23135K [0x00000000c2e00000, 0x0000000100000000)
  region size 1024K, 1 young (1024K), 1 survivors (1024K)
 Metaspace       used 7919K, committed 8064K, reserved 1114112K
  class space    used 862K, committed 960K, reserved 1048576K
}
Event: 15.070 GC heap before
{Heap before GC invocations=39 (full 0):
 garbage-first heap   total 40960K, used 24159K [0x00000000c2e00000, 0x0000000100000000)
  region size 1024K, 2 young (2048K), 1 survivors (1024K)
 Metaspace       used 7919K, committed 8064K, reserved 1114112K
  class space    used 862K, committed 960K, reserved 1048576K
}
Event: 15.075 GC heap after
{Heap after GC invocations=40 (full 0):
 garbage-first heap   total 40960K, used 23076K [0x00000000c2e00000, 0x0000000100000000)
  region size 1024K, 1 young (1024K), 1 survivors (1024K)
 Metaspace       used 7919K, committed 8064K, reserved 1114112K
  class space    used 862K, committed 960K, reserved 1048576K
}
Event: 15.571 GC heap before
{Heap before GC invocations=40 (full 0):
 garbage-first heap   total 40960K, used 30244K [0x00000000c2e00000, 0x0000000100000000)
  region size 1024K, 8 young (8192K), 1 survivors (1024K)
 Metaspace       used 7919K, committed 8064K, reserved 1114112K
  class space    used 862K, committed 960K, reserved 1048576K
}
Event: 15.576 GC heap after
{Heap after GC invocations=41 (full 0):
 garbage-first heap   total 40960K, used 23707K [0x00000000c2e00000, 0x0000000100000000)
  region size 1024K, 1 young (1024K), 1 survivors (1024K)
 Metaspace       used 7919K, committed 8064K, reserved 1114112K
  class space    used 862K, committed 960K, reserved 1048576K
}
Event: 15.885 GC heap before
{Heap before GC invocations=42 (full 0):
 garbage-first heap   total 53248K, used 46235K [0x00000000c2e00000, 0x0000000100000000)
  region size 1024K, 8 young (8192K), 1 survivors (1024K)
 Metaspace       used 7919K, committed 8064K, reserved 1114112K
  class space    used 862K, committed 960K, reserved 1048576K
}
Event: 15.890 GC heap after
{Heap after GC invocations=43 (full 0):
 garbage-first heap   total 53248K, used 25693K [0x00000000c2e00000, 0x0000000100000000)
  region size 1024K, 1 young (1024K), 1 survivors (1024K)
 Metaspace       used 7919K, committed 8064K, reserved 1114112K
  class space    used 862K, committed 960K, reserved 1048576K
}
Event: 15.904 GC heap before
{Heap before GC invocations=43 (full 0):
 garbage-first heap   total 53248K, used 26717K [0x00000000c2e00000, 0x0000000100000000)
  region size 1024K, 2 young (2048K), 1 survivors (1024K)
 Metaspace       used 7919K, committed 8064K, reserved 1114112K
  class space    used 862K, committed 960K, reserved 1048576K
}
Event: 15.909 GC heap after
{Heap after GC invocations=44 (full 0):
 garbage-first heap   total 98304K, used 25465K [0x00000000c2e00000, 0x0000000100000000)
  region size 1024K, 1 young (1024K), 1 survivors (1024K)
 Metaspace       used 7919K, committed 8064K, reserved 1114112K
  class space    used 862K, committed 960K, reserved 1048576K
}
Event: 19.850 GC heap before
{Heap before GC invocations=44 (full 0):
 garbage-first heap   total 98304K, used 77689K [0x00000000c2e00000, 0x0000000100000000)
  region size 1024K, 42 young (43008K), 1 survivors (1024K)
 Metaspace       used 8785K, committed 8960K, reserved 1114112K
  class space    used 952K, committed 1024K, reserved 1048576K
}
Event: 19.875 GC heap after
{Heap after GC invocations=45 (full 0):
 garbage-first heap   total 98304K, used 39000K [0x00000000c2e00000, 0x0000000100000000)
  region size 1024K, 6 young (6144K), 6 survivors (6144K)
 Metaspace       used 8785K, committed 8960K, reserved 1114112K
  class space    used 952K, committed 1024K, reserved 1048576K
}
Event: 21.002 GC heap before
{Heap before GC invocations=45 (full 0):
 garbage-first heap   total 98304K, used 65624K [0x00000000c2e00000, 0x0000000100000000)
  region size 1024K, 30 young (30720K), 6 survivors (6144K)
 Metaspace       used 9439K, committed 9664K, reserved 1114112K
  class space    used 991K, committed 1088K, reserved 1048576K
}
Event: 21.038 GC heap after
{Heap after GC invocations=46 (full 0):
 garbage-first heap   total 98304K, used 46304K [0x00000000c2e00000, 0x0000000100000000)
  region size 1024K, 4 young (4096K), 4 survivors (4096K)
 Metaspace       used 9439K, committed 9664K, reserved 1114112K
  class space    used 991K, committed 1088K, reserved 1048576K
}
Event: 22.134 GC heap before
{Heap before GC invocations=46 (full 0):
 garbage-first heap   total 98304K, used 67808K [0x00000000c2e00000, 0x0000000100000000)
  region size 1024K, 25 young (25600K), 4 survivors (4096K)
 Metaspace       used 9518K, committed 9728K, reserved 1114112K
  class space    used 992K, committed 1088K, reserved 1048576K
}
Event: 22.166 GC heap after
{Heap after GC invocations=47 (full 0):
 garbage-first heap   total 98304K, used 50688K [0x00000000c2e00000, 0x0000000100000000)
  region size 1024K, 4 young (4096K), 4 survivors (4096K)
 Metaspace       used 9518K, committed 9728K, reserved 1114112K
  class space    used 992K, committed 1088K, reserved 1048576K
}
Event: 22.593 GC heap before
{Heap before GC invocations=47 (full 0):
 garbage-first heap   total 98304K, used 71168K [0x00000000c2e00000, 0x0000000100000000)
  region size 1024K, 24 young (24576K), 4 survivors (4096K)
 Metaspace       used 9600K, committed 9792K, reserved 1114112K
  class space    used 996K, committed 1088K, reserved 1048576K
}
Event: 22.646 GC heap after
{Heap after GC invocations=48 (full 0):
 garbage-first heap   total 98304K, used 64379K [0x00000000c2e00000, 0x0000000100000000)
  region size 1024K, 3 young (3072K), 3 survivors (3072K)
 Metaspace       used 9600K, committed 9792K, reserved 1114112K
  class space    used 996K, committed 1088K, reserved 1048576K
}
Event: 22.904 GC heap before
{Heap before GC invocations=49 (full 0):
 garbage-first heap   total 117760K, used 74619K [0x00000000c2e00000, 0x0000000100000000)
  region size 1024K, 13 young (13312K), 3 survivors (3072K)
 Metaspace       used 9611K, committed 9792K, reserved 1114112K
  class space    used 996K, committed 1088K, reserved 1048576K
}
Event: 22.941 GC heap after
{Heap after GC invocations=50 (full 0):
 garbage-first heap   total 117760K, used 72704K [0x00000000c2e00000, 0x0000000100000000)
  region size 1024K, 2 young (2048K), 2 survivors (2048K)
 Metaspace       used 9611K, committed 9792K, reserved 1114112K
  class space    used 996K, committed 1088K, reserved 1048576K
}
Event: 23.268 GC heap before
{Heap before GC invocations=50 (full 0):
 garbage-first heap   total 117760K, used 81920K [0x00000000c2e00000, 0x0000000100000000)
  region size 1024K, 12 young (12288K), 2 survivors (2048K)
 Metaspace       used 9627K, committed 9792K, reserved 1114112K
  class space    used 996K, committed 1088K, reserved 1048576K
}

