# JRE version: OpenJDK Runtime Environment Microsoft-10800295 (17.0.14+7) (build 17.0.14+7-LTS)
# Java VM: OpenJDK 64-Bit Server VM Microsoft-10800295 (17.0.14+7-LTS, mixed mode, sharing, tiered, compressed oops, compressed class ptrs, g1 gc, windows-amd64)
GC Precious Log:
 CPUs: 4 total, 4 available
 Memory: 3908M
 Large Page Support: Disabled
 NUMA Support: Disabled
 Compressed Oops: Enabled (32-bit)
 Heap Region Size: 1M
 Heap Min Capacity: 8M
 Heap Initial Capacity: 8M
 Heap Max Capacity: 978M
 Pre-touch: Disabled
 Parallel Workers: 4
 Concurrent Workers: 1
 Concurrent Refinement Workers: 4
 Periodic GC: Disabled
Heap:
 garbage-first heap   total 145408K, used 86677K [0x00000000c2e00000, 0x0000000100000000)
  region size 1024K, 6 young (6144K), 2 survivors (2048K)
 Metaspace       used 11320K, committed 11520K, reserved 1114112K
  class space    used 1120K, committed 1216K, reserved 1048576K
GC Heap History (20 events):
Event: 13.425 GC heap before
{Heap before GC invocations=42 (full 0):
 garbage-first heap   total 68608K, used 50104K [0x00000000c2e00000, 0x0000000100000000)
  region size 1024K, 20 young (20480K), 3 survivors (3072K)
 Metaspace       used 8625K, committed 8768K, reserved 1114112K
  class space    used 938K, committed 1024K, reserved 1048576K
}
Event: 13.444 GC heap after
{Heap after GC invocations=43 (full 0):
 garbage-first heap   total 68608K, used 37249K [0x00000000c2e00000, 0x0000000100000000)
  region size 1024K, 3 young (3072K), 3 survivors (3072K)
 Metaspace       used 8625K, committed 8768K, reserved 1114112K
  class space    used 938K, committed 1024K, reserved 1048576K
}
Event: 13.855 GC heap before
{Heap before GC invocations=43 (full 0):
 garbage-first heap   total 68608K, used 40321K [0x00000000c2e00000, 0x0000000100000000)
  region size 1024K, 7 young (7168K), 3 survivors (3072K)
 Metaspace       used 8744K, committed 8896K, reserved 1114112K
  class space    used 948K, committed 1024K, reserved 1048576K
}
Event: 13.867 GC heap after
{Heap after GC invocations=44 (full 0):
 garbage-first heap   total 98304K, used 39062K [0x00000000c2e00000, 0x0000000100000000)
  region size 1024K, 2 young (2048K), 2 survivors (2048K)
 Metaspace       used 8744K, committed 8896K, reserved 1114112K
  class space    used 948K, committed 1024K, reserved 1048576K
}
Event: 15.037 GC heap before
{Heap before GC invocations=44 (full 0):
 garbage-first heap   total 98304K, used 63638K [0x00000000c2e00000, 0x0000000100000000)
  region size 1024K, 23 young (23552K), 2 survivors (2048K)
 Metaspace       used 9411K, committed 9600K, reserved 1114112K
  class space    used 990K, committed 1088K, reserved 1048576K
}
Event: 15.068 GC heap after
{Heap after GC invocations=45 (full 0):
 garbage-first heap   total 98304K, used 46080K [0x00000000c2e00000, 0x0000000100000000)
  region size 1024K, 3 young (3072K), 3 survivors (3072K)
 Metaspace       used 9411K, committed 9600K, reserved 1114112K
  class space    used 990K, committed 1088K, reserved 1048576K
}
Event: 15.984 GC heap before
{Heap before GC invocations=45 (full 0):
 garbage-first heap   total 98304K, used 67584K [0x00000000c2e00000, 0x0000000100000000)
  region size 1024K, 24 young (24576K), 3 survivors (3072K)
 Metaspace       used 9522K, committed 9728K, reserved 1114112K
  class space    used 990K, committed 1088K, reserved 1048576K
}
Event: 16.020 GC heap after
{Heap after GC invocations=46 (full 0):
 garbage-first heap   total 98304K, used 50176K [0x00000000c2e00000, 0x0000000100000000)
  region size 1024K, 3 young (3072K), 3 survivors (3072K)
 Metaspace       used 9522K, committed 9728K, reserved 1114112K
  class space    used 990K, committed 1088K, reserved 1048576K
}
Event: 16.711 GC heap before
{Heap before GC invocations=46 (full 0):
 garbage-first heap   total 98304K, used 71680K [0x00000000c2e00000, 0x0000000100000000)
  region size 1024K, 24 young (24576K), 3 survivors (3072K)
 Metaspace       used 9611K, committed 9792K, reserved 1114112K
  class space    used 995K, committed 1088K, reserved 1048576K
}
Event: 16.771 GC heap after
{Heap after GC invocations=47 (full 0):
 garbage-first heap   total 98304K, used 62203K [0x00000000c2e00000, 0x0000000100000000)
  region size 1024K, 3 young (3072K), 3 survivors (3072K)
 Metaspace       used 9611K, committed 9792K, reserved 1114112K
  class space    used 995K, committed 1088K, reserved 1048576K
}
Event: 16.991 GC heap before
{Heap before GC invocations=47 (full 0):
 garbage-first heap   total 117760K, used 73467K [0x00000000c2e00000, 0x0000000100000000)
  region size 1024K, 14 young (14336K), 3 survivors (3072K)
 Metaspace       used 9615K, committed 9792K, reserved 1114112K
  class space    used 995K, committed 1088K, reserved 1048576K
}
Event: 17.034 GC heap after
{Heap after GC invocations=48 (full 0):
 garbage-first heap   total 143360K, used 71168K [0x00000000c2e00000, 0x0000000100000000)
  region size 1024K, 2 young (2048K), 2 survivors (2048K)
 Metaspace       used 9615K, committed 9792K, reserved 1114112K
  class space    used 995K, committed 1088K, reserved 1048576K
}
Event: 17.389 GC heap before
{Heap before GC invocations=49 (full 0):
 garbage-first heap   total 143360K, used 82432K [0x00000000c2e00000, 0x0000000100000000)
  region size 1024K, 14 young (14336K), 2 survivors (2048K)
 Metaspace       used 9630K, committed 9792K, reserved 1114112K
  class space    used 995K, committed 1088K, reserved 1048576K
}
Event: 17.416 GC heap after
{Heap after GC invocations=50 (full 0):
 garbage-first heap   total 143360K, used 77824K [0x00000000c2e00000, 0x0000000100000000)
  region size 1024K, 4 young (4096K), 4 survivors (4096K)
 Metaspace       used 9630K, committed 9792K, reserved 1114112K
  class space    used 995K, committed 1088K, reserved 1048576K
}
Event: 18.536 GC heap before
{Heap before GC invocations=51 (full 0):
 garbage-first heap   total 145408K, used 102400K [0x00000000c2e00000, 0x0000000100000000)
  region size 1024K, 25 young (25600K), 4 survivors (4096K)
 Metaspace       used 10879K, committed 11072K, reserved 1114112K
  class space    used 1119K, committed 1216K, reserved 1048576K
}
Event: 18.559 GC heap after
{Heap after GC invocations=52 (full 0):
 garbage-first heap   total 145408K, used 82517K [0x00000000c2e00000, 0x0000000100000000)
  region size 1024K, 4 young (4096K), 4 survivors (4096K)
 Metaspace       used 10879K, committed 11072K, reserved 1114112K
  class space    used 1119K, committed 1216K, reserved 1048576K
}
Event: 18.731 GC heap before
{Heap before GC invocations=52 (full 0):
 garbage-first heap   total 145408K, used 85589K [0x00000000c2e00000, 0x0000000100000000)
  region size 1024K, 7 young (7168K), 4 survivors (4096K)
 Metaspace       used 10945K, committed 11136K, reserved 1114112K
  class space    used 1119K, committed 1216K, reserved 1048576K
}
Event: 18.743 GC heap after
{Heap after GC invocations=53 (full 0):
 garbage-first heap   total 145408K, used 82851K [0x00000000c2e00000, 0x0000000100000000)
  region size 1024K, 1 young (1024K), 1 survivors (1024K)
 Metaspace       used 10945K, committed 11136K, reserved 1114112K
  class space    used 1119K, committed 1216K, reserved 1048576K
}
Event: 20.038 GC heap before
{Heap before GC invocations=53 (full 0):
 garbage-first heap   total 145408K, used 104355K [0x00000000c2e00000, 0x0000000100000000)
  region size 1024K, 22 young (22528K), 1 survivors (1024K)
 Metaspace       used 11314K, committed 11520K, reserved 1114112K
  class space    used 1120K, committed 1216K, reserved 1048576K
}
Event: 20.046 GC heap after
{Heap after GC invocations=54 (full 0):
 garbage-first heap   total 145408K, used 83605K [0x00000000c2e00000, 0x0000000100000000)
  region size 1024K, 2 young (2048K), 2 survivors (2048K)
 Metaspace       used 11314K, committed 11520K, reserved 1114112K
  class space    used 1120K, committed 1216K, reserved 1048576K
}

