# JRE version: OpenJDK Runtime Environment Microsoft-10376486 (17.0.13+11) (build 17.0.13+11-LTS)
# Java VM: OpenJDK 64-Bit Server VM Microsoft-10376486 (17.0.13+11-LTS, mixed mode, sharing, tiered, compressed oops, compressed class ptrs, g1 gc, windows-amd64)
GC Precious Log:
 CPUs: 4 total, 4 available
 Memory: 3908M
 Large Page Support: Disabled
 NUMA Support: Disabled
 Compressed Oops: Enabled (32-bit)
 Heap Region Size: 1M
 Heap Min Capacity: 8M
 Heap Initial Capacity: 62M
 Heap Max Capacity: 1G
 Pre-touch: Disabled
 Parallel Workers: 4
 Concurrent Workers: 1
 Concurrent Refinement Workers: 4
 Periodic GC: Disabled
Heap:
 garbage-first heap   total 444416K, used 389084K [0x00000000c0000000, 0x0000000100000000)
  region size 1024K, 34 young (34816K), 5 survivors (5120K)
 Metaspace       used 21768K, committed 22080K, reserved 1114112K
  class space    used 2703K, committed 2880K, reserved 1048576K
GC Heap History (20 events):
Event: 309.188 GC heap before
{Heap before GC invocations=264 (full 0):
 garbage-first heap   total 444416K, used 393659K [0x00000000c0000000, 0x0000000100000000)
  region size 1024K, 47 young (48128K), 4 survivors (4096K)
 Metaspace       used 20238K, committed 20544K, reserved 1114112K
  class space    used 2465K, committed 2624K, reserved 1048576K
}
Event: 309.203 GC heap after
{Heap after GC invocations=265 (full 0):
 garbage-first heap   total 444416K, used 349752K [0x00000000c0000000, 0x0000000100000000)
  region size 1024K, 4 young (4096K), 4 survivors (4096K)
 Metaspace       used 20238K, committed 20544K, reserved 1114112K
  class space    used 2465K, committed 2624K, reserved 1048576K
}
Event: 309.741 GC heap before
{Heap before GC invocations=265 (full 0):
 garbage-first heap   total 444416K, used 393784K [0x00000000c0000000, 0x0000000100000000)
  region size 1024K, 47 young (48128K), 4 survivors (4096K)
 Metaspace       used 20241K, committed 20544K, reserved 1114112K
  class space    used 2465K, committed 2624K, reserved 1048576K
}
Event: 309.761 GC heap after
{Heap after GC invocations=266 (full 0):
 garbage-first heap   total 444416K, used 349984K [0x00000000c0000000, 0x0000000100000000)
  region size 1024K, 4 young (4096K), 4 survivors (4096K)
 Metaspace       used 20241K, committed 20544K, reserved 1114112K
  class space    used 2465K, committed 2624K, reserved 1048576K
}
Event: 310.105 GC heap before
{Heap before GC invocations=266 (full 0):
 garbage-first heap   total 444416K, used 394016K [0x00000000c0000000, 0x0000000100000000)
  region size 1024K, 47 young (48128K), 4 survivors (4096K)
 Metaspace       used 20241K, committed 20544K, reserved 1114112K
  class space    used 2465K, committed 2624K, reserved 1048576K
}
Event: 310.119 GC heap after
{Heap after GC invocations=267 (full 0):
 garbage-first heap   total 444416K, used 350059K [0x00000000c0000000, 0x0000000100000000)
  region size 1024K, 4 young (4096K), 4 survivors (4096K)
 Metaspace       used 20241K, committed 20544K, reserved 1114112K
  class space    used 2465K, committed 2624K, reserved 1048576K
}
Event: 310.349 GC heap before
{Heap before GC invocations=267 (full 0):
 garbage-first heap   total 444416K, used 394091K [0x00000000c0000000, 0x0000000100000000)
  region size 1024K, 47 young (48128K), 4 survivors (4096K)
 Metaspace       used 20241K, committed 20544K, reserved 1114112K
  class space    used 2465K, committed 2624K, reserved 1048576K
}
Event: 310.365 GC heap after
{Heap after GC invocations=268 (full 0):
 garbage-first heap   total 444416K, used 350282K [0x00000000c0000000, 0x0000000100000000)
  region size 1024K, 4 young (4096K), 4 survivors (4096K)
 Metaspace       used 20241K, committed 20544K, reserved 1114112K
  class space    used 2465K, committed 2624K, reserved 1048576K
}
Event: 310.617 GC heap before
{Heap before GC invocations=268 (full 0):
 garbage-first heap   total 444416K, used 394314K [0x00000000c0000000, 0x0000000100000000)
  region size 1024K, 47 young (48128K), 4 survivors (4096K)
 Metaspace       used 20241K, committed 20544K, reserved 1114112K
  class space    used 2465K, committed 2624K, reserved 1048576K
}
Event: 310.631 GC heap after
{Heap after GC invocations=269 (full 0):
 garbage-first heap   total 444416K, used 350185K [0x00000000c0000000, 0x0000000100000000)
  region size 1024K, 3 young (3072K), 3 survivors (3072K)
 Metaspace       used 20241K, committed 20544K, reserved 1114112K
  class space    used 2465K, committed 2624K, reserved 1048576K
}
Event: 310.982 GC heap before
{Heap before GC invocations=269 (full 0):
 garbage-first heap   total 444416K, used 396265K [0x00000000c0000000, 0x0000000100000000)
  region size 1024K, 48 young (49152K), 3 survivors (3072K)
 Metaspace       used 20241K, committed 20544K, reserved 1114112K
  class space    used 2465K, committed 2624K, reserved 1048576K
}
Event: 310.999 GC heap after
{Heap after GC invocations=270 (full 0):
 garbage-first heap   total 444416K, used 350538K [0x00000000c0000000, 0x0000000100000000)
  region size 1024K, 4 young (4096K), 4 survivors (4096K)
 Metaspace       used 20241K, committed 20544K, reserved 1114112K
  class space    used 2465K, committed 2624K, reserved 1048576K
}
Event: 313.687 GC heap before
{Heap before GC invocations=270 (full 0):
 garbage-first heap   total 444416K, used 392522K [0x00000000c0000000, 0x0000000100000000)
  region size 1024K, 46 young (47104K), 4 survivors (4096K)
 Metaspace       used 20279K, committed 20608K, reserved 1114112K
  class space    used 2473K, committed 2624K, reserved 1048576K
}
Event: 313.704 GC heap after
{Heap after GC invocations=271 (full 0):
 garbage-first heap   total 444416K, used 351226K [0x00000000c0000000, 0x0000000100000000)
  region size 1024K, 4 young (4096K), 4 survivors (4096K)
 Metaspace       used 20279K, committed 20608K, reserved 1114112K
  class space    used 2473K, committed 2624K, reserved 1048576K
}
Event: 314.545 GC heap before
{Heap before GC invocations=271 (full 0):
 garbage-first heap   total 444416K, used 394234K [0x00000000c0000000, 0x0000000100000000)
  region size 1024K, 46 young (47104K), 4 survivors (4096K)
 Metaspace       used 20279K, committed 20608K, reserved 1114112K
  class space    used 2473K, committed 2624K, reserved 1048576K
}
Event: 314.566 GC heap after
{Heap after GC invocations=272 (full 0):
 garbage-first heap   total 444416K, used 351288K [0x00000000c0000000, 0x0000000100000000)
  region size 1024K, 4 young (4096K), 4 survivors (4096K)
 Metaspace       used 20279K, committed 20608K, reserved 1114112K
  class space    used 2473K, committed 2624K, reserved 1048576K
}
Event: 344.521 GC heap before
{Heap before GC invocations=272 (full 0):
 garbage-first heap   total 444416K, used 395320K [0x00000000c0000000, 0x0000000100000000)
  region size 1024K, 46 young (47104K), 4 survivors (4096K)
 Metaspace       used 21175K, committed 21504K, reserved 1114112K
  class space    used 2609K, committed 2752K, reserved 1048576K
}
Event: 345.383 GC heap after
{Heap after GC invocations=273 (full 0):
 garbage-first heap   total 444416K, used 355089K [0x00000000c0000000, 0x0000000100000000)
  region size 1024K, 6 young (6144K), 6 survivors (6144K)
 Metaspace       used 21175K, committed 21504K, reserved 1114112K
  class space    used 2609K, committed 2752K, reserved 1048576K
}
Event: 360.026 GC heap before
{Heap before GC invocations=273 (full 0):
 garbage-first heap   total 444416K, used 382737K [0x00000000c0000000, 0x0000000100000000)
  region size 1024K, 35 young (35840K), 6 survivors (6144K)
 Metaspace       used 21243K, committed 21504K, reserved 1114112K
  class space    used 2624K, committed 2752K, reserved 1048576K
}
Event: 360.217 GC heap after
{Heap after GC invocations=274 (full 0):
 garbage-first heap   total 444416K, used 359388K [0x00000000c0000000, 0x0000000100000000)
  region size 1024K, 5 young (5120K), 5 survivors (5120K)
 Metaspace       used 21243K, committed 21504K, reserved 1114112K
  class space    used 2624K, committed 2752K, reserved 1048576K
}

